<?xml version="1.0" encoding="UTF-8"?>
<!-- Generated by org.testng.reporters.JUnitReportReporter -->
<testsuite hostname="DESKTOP-7P730EH" failures="0" tests="1" name="com.testscripts.flipkart.AppTest" time="8.280" errors="0" timestamp="2021-03-03T08:07:38 IST" skipped="0">
  <testcase classname="com.testscripts.flipkart.AppTest" name="productSpecs" time="8.280"/>
  <system-out/>
</testsuite> <!-- com.testscripts.flipkart.AppTest -->
