<?xml version="1.0" encoding="UTF-8"?>
<!-- Generated by org.testng.reporters.JUnitReportReporter -->
<testsuite hostname="DESKTOP-7P730EH" failures="0" tests="1" name="com.testscripts.flipkart.Flipkart" time="124.225" errors="0" timestamp="2021-03-06T12:23:15 IST" skipped="0">
  <testcase classname="com.testscripts.flipkart.Flipkart" name="productSpecs" time="124.225"/>
  <system-out>
Apple iPhone 12 (Green, 256 GB) Rs 94,900 Swipe 1 Swipe 2 Swipe 3  </system-out>
</testsuite> <!-- com.testscripts.flipkart.Flipkart -->
